GowinSynthesis start
Running parser ...
Analyzing Verilog file 'D:\AWORK\04_Archives\SOFT\fpga\tangnano4k\urart_round\uart\src\top.v'
Analyzing Verilog file 'D:\AWORK\04_Archives\SOFT\fpga\tangnano4k\urart_round\uart\src\uart.v'
Analyzing Verilog file 'D:\AWORK\04_Archives\SOFT\fpga\tangnano4k\urart_round\uart\src\uart_rx.v'
Analyzing Verilog file 'D:\AWORK\04_Archives\SOFT\fpga\tangnano4k\urart_round\uart\src\uart_tx.v'
Compiling module 'top'("D:\AWORK\04_Archives\SOFT\fpga\tangnano4k\urart_round\uart\src\top.v":1)
WARN  (EX3073) : Port 'err_o' remains unconnected for this instance("D:\AWORK\04_Archives\SOFT\fpga\tangnano4k\urart_round\uart\src\uart.v":50)
Compiling module 'uart'("D:\AWORK\04_Archives\SOFT\fpga\tangnano4k\urart_round\uart\src\uart.v":1)
Compiling module 'uart_tx'("D:\AWORK\04_Archives\SOFT\fpga\tangnano4k\urart_round\uart\src\uart_tx.v":1)
WARN  (EX3791) : Expression size 17 truncated to fit in target size 16("D:\AWORK\04_Archives\SOFT\fpga\tangnano4k\urart_round\uart\src\uart_tx.v":46)
WARN  (EX3791) : Expression size 5 truncated to fit in target size 4("D:\AWORK\04_Archives\SOFT\fpga\tangnano4k\urart_round\uart\src\uart_tx.v":77)
Compiling module 'uart_rx'("D:\AWORK\04_Archives\SOFT\fpga\tangnano4k\urart_round\uart\src\uart_rx.v":1)
WARN  (EX3791) : Expression size 17 truncated to fit in target size 16("D:\AWORK\04_Archives\SOFT\fpga\tangnano4k\urart_round\uart\src\uart_rx.v":79)
WARN  (EX3791) : Expression size 5 truncated to fit in target size 4("D:\AWORK\04_Archives\SOFT\fpga\tangnano4k\urart_round\uart\src\uart_rx.v":97)
WARN  (EX3791) : Expression size 6 truncated to fit in target size 5("D:\AWORK\04_Archives\SOFT\fpga\tangnano4k\urart_round\uart\src\top.v":52)
WARN  (EX3791) : Expression size 6 truncated to fit in target size 5("D:\AWORK\04_Archives\SOFT\fpga\tangnano4k\urart_round\uart\src\top.v":60)
NOTE  (EX0101) : Current top module is "top"
[5%] Running netlist conversion ...
Running device independent optimization ...
[10%] Optimizing Phase 0 completed
[15%] Optimizing Phase 1 completed
[25%] Optimizing Phase 2 completed
Running inference ...
[30%] Inferring Phase 0 completed
[40%] Inferring Phase 1 completed
[50%] Inferring Phase 2 completed
[55%] Inferring Phase 3 completed
Running technical mapping ...
[60%] Tech-Mapping Phase 0 completed
[65%] Tech-Mapping Phase 1 completed
[75%] Tech-Mapping Phase 2 completed
[80%] Tech-Mapping Phase 3 completed
[90%] Tech-Mapping Phase 4 completed
[95%] Generate netlist file "D:\AWORK\04_Archives\SOFT\fpga\tangnano4k\urart_round\uart\impl\gwsynthesis\uart.vg" completed
[100%] Generate report file "D:\AWORK\04_Archives\SOFT\fpga\tangnano4k\urart_round\uart\impl\gwsynthesis\uart_syn.rpt.html" completed
GowinSynthesis finish
