Reading netlist file: "D:\AWORK\03_Resources\fpga\Gowin_EMPU(GW1NS-4C)_V2.2\ref_design\FPGA_RefDesign\DK_START_GW1NSR4C_QN48P_V1.1\gowin_empu\cm3_demo\impl\gwsynthesis\cm3_demo.vg"
Parsing netlist file "D:\AWORK\03_Resources\fpga\Gowin_EMPU(GW1NS-4C)_V2.2\ref_design\FPGA_RefDesign\DK_START_GW1NSR4C_QN48P_V1.1\gowin_empu\cm3_demo\impl\gwsynthesis\cm3_demo.vg" completed
Processing netlist completed
Reading constraint file: "D:\AWORK\03_Resources\fpga\Gowin_EMPU(GW1NS-4C)_V2.2\ref_design\FPGA_RefDesign\DK_START_GW1NSR4C_QN48P_V1.1\gowin_empu\cm3_demo\src\cm3_demo.cst"
Physical Constraint parsed completed
Running placement......
[10%] Placement Phase 0 completed
[20%] Placement Phase 1 completed
[30%] Placement Phase 2 completed
[50%] Placement Phase 3 completed
Running routing......
[60%] Routing Phase 0 completed
[70%] Routing Phase 1 completed
[80%] Routing Phase 2 completed
[90%] Routing Phase 3 completed
Running timing analysis......
[95%] Timing analysis completed
Placement and routing completed
Bitstream generation in progress......
Bitstream generation completed
Running power analysis......
[100%] Power analysis completed
Generate file "D:\AWORK\03_Resources\fpga\Gowin_EMPU(GW1NS-4C)_V2.2\ref_design\FPGA_RefDesign\DK_START_GW1NSR4C_QN48P_V1.1\gowin_empu\cm3_demo\impl\pnr\cm3_demo.power.html" completed
Generate file "D:\AWORK\03_Resources\fpga\Gowin_EMPU(GW1NS-4C)_V2.2\ref_design\FPGA_RefDesign\DK_START_GW1NSR4C_QN48P_V1.1\gowin_empu\cm3_demo\impl\pnr\cm3_demo.pin.html" completed
Generate file "D:\AWORK\03_Resources\fpga\Gowin_EMPU(GW1NS-4C)_V2.2\ref_design\FPGA_RefDesign\DK_START_GW1NSR4C_QN48P_V1.1\gowin_empu\cm3_demo\impl\pnr\cm3_demo.rpt.html" completed
Generate file "D:\AWORK\03_Resources\fpga\Gowin_EMPU(GW1NS-4C)_V2.2\ref_design\FPGA_RefDesign\DK_START_GW1NSR4C_QN48P_V1.1\gowin_empu\cm3_demo\impl\pnr\cm3_demo.rpt.txt" completed
Generate file "D:\AWORK\03_Resources\fpga\Gowin_EMPU(GW1NS-4C)_V2.2\ref_design\FPGA_RefDesign\DK_START_GW1NSR4C_QN48P_V1.1\gowin_empu\cm3_demo\impl\pnr\cm3_demo.tr.html" completed
Thu Mar 12 20:05:00 2026

