GowinSynthesis start
Running parser ...
Analyzing Verilog file 'D:\AWORK\04_Archives\SOFT\fpga\tangnano4k\empu_uart\src\cm3_demo.v'
Analyzing Verilog file 'D:\AWORK\04_Archives\SOFT\fpga\tangnano4k\empu_uart\src\gowin_empu\gowin_empu.v'
Analyzing Verilog file 'D:\AWORK\04_Archives\SOFT\fpga\tangnano4k\empu_uart\src\gowin_pllvr\gowin_pllvr.v'
Compiling module 'cm3_demo'("D:\AWORK\04_Archives\SOFT\fpga\tangnano4k\empu_uart\src\cm3_demo.v":3)
Compiling module 'Gowin_PLLVR'("D:\AWORK\04_Archives\SOFT\fpga\tangnano4k\empu_uart\src\gowin_pllvr\gowin_pllvr.v":9)
Compiling module 'Gowin_EMPU_Top'("D:\AWORK\04_Archives\SOFT\fpga\tangnano4k\empu_uart\src\gowin_empu\gowin_empu.v":530)
Compiling module '**'("D:\AWORK\04_Archives\SOFT\fpga\tangnano4k\empu_uart\src\gowin_empu\gowin_empu.v":529)
WARN  (EX3670) : Actual bit length 2 differs from formal bit length 16 for port 'gpio'("D:\AWORK\04_Archives\SOFT\fpga\tangnano4k\empu_uart\src\cm3_demo.v":45)
NOTE  (EX0101) : Current top module is "cm3_demo"
[5%] Running netlist conversion ...
WARN  (CV0023) : Sweep user defined iobuf instance "gpio2" with dangling iopin("D:\AWORK\04_Archives\SOFT\fpga\tangnano4k\empu_uart\src\gowin_empu\gowin_empu.v":529)
WARN  (CV0023) : Sweep user defined iobuf instance "gpio3" with dangling iopin("D:\AWORK\04_Archives\SOFT\fpga\tangnano4k\empu_uart\src\gowin_empu\gowin_empu.v":529)
WARN  (CV0023) : Sweep user defined iobuf instance "gpio4" with dangling iopin("D:\AWORK\04_Archives\SOFT\fpga\tangnano4k\empu_uart\src\gowin_empu\gowin_empu.v":529)
WARN  (CV0023) : Sweep user defined iobuf instance "gpio5" with dangling iopin("D:\AWORK\04_Archives\SOFT\fpga\tangnano4k\empu_uart\src\gowin_empu\gowin_empu.v":529)
WARN  (CV0023) : Sweep user defined iobuf instance "gpio6" with dangling iopin("D:\AWORK\04_Archives\SOFT\fpga\tangnano4k\empu_uart\src\gowin_empu\gowin_empu.v":529)
WARN  (CV0023) : Sweep user defined iobuf instance "gpio7" with dangling iopin("D:\AWORK\04_Archives\SOFT\fpga\tangnano4k\empu_uart\src\gowin_empu\gowin_empu.v":529)
WARN  (CV0023) : Sweep user defined iobuf instance "gpio8" with dangling iopin("D:\AWORK\04_Archives\SOFT\fpga\tangnano4k\empu_uart\src\gowin_empu\gowin_empu.v":529)
WARN  (CV0023) : Sweep user defined iobuf instance "gpio9" with dangling iopin("D:\AWORK\04_Archives\SOFT\fpga\tangnano4k\empu_uart\src\gowin_empu\gowin_empu.v":529)
WARN  (CV0023) : Sweep user defined iobuf instance "gpio10" with dangling iopin("D:\AWORK\04_Archives\SOFT\fpga\tangnano4k\empu_uart\src\gowin_empu\gowin_empu.v":529)
WARN  (CV0023) : Sweep user defined iobuf instance "gpio11" with dangling iopin("D:\AWORK\04_Archives\SOFT\fpga\tangnano4k\empu_uart\src\gowin_empu\gowin_empu.v":529)
WARN  (CV0023) : Sweep user defined iobuf instance "gpio12" with dangling iopin("D:\AWORK\04_Archives\SOFT\fpga\tangnano4k\empu_uart\src\gowin_empu\gowin_empu.v":529)
WARN  (CV0023) : Sweep user defined iobuf instance "gpio13" with dangling iopin("D:\AWORK\04_Archives\SOFT\fpga\tangnano4k\empu_uart\src\gowin_empu\gowin_empu.v":529)
WARN  (CV0023) : Sweep user defined iobuf instance "gpio14" with dangling iopin("D:\AWORK\04_Archives\SOFT\fpga\tangnano4k\empu_uart\src\gowin_empu\gowin_empu.v":529)
WARN  (CV0023) : Sweep user defined iobuf instance "gpio15" with dangling iopin("D:\AWORK\04_Archives\SOFT\fpga\tangnano4k\empu_uart\src\gowin_empu\gowin_empu.v":529)
Running device independent optimization ...
[10%] Optimizing Phase 0 completed
[15%] Optimizing Phase 1 completed
[25%] Optimizing Phase 2 completed
Running inference ...
[30%] Inferring Phase 0 completed
[40%] Inferring Phase 1 completed
[50%] Inferring Phase 2 completed
[55%] Inferring Phase 3 completed
Running technical mapping ...
[60%] Tech-Mapping Phase 0 completed
[65%] Tech-Mapping Phase 1 completed
[75%] Tech-Mapping Phase 2 completed
[80%] Tech-Mapping Phase 3 completed
[90%] Tech-Mapping Phase 4 completed
[95%] Generate netlist file "D:\AWORK\04_Archives\SOFT\fpga\tangnano4k\empu_uart\impl\gwsynthesis\cm3_demo.vg" completed
[100%] Generate report file "D:\AWORK\04_Archives\SOFT\fpga\tangnano4k\empu_uart\impl\gwsynthesis\cm3_demo_syn.rpt.html" completed
GowinSynthesis finish
