Reading netlist file: "D:\AWORK\04_Archives\SOFT\fpga\tangnano4k\urart_round\uart\impl\gwsynthesis\uart.vg"
Parsing netlist file "D:\AWORK\04_Archives\SOFT\fpga\tangnano4k\urart_round\uart\impl\gwsynthesis\uart.vg" completed
Processing netlist completed
Reading constraint file: "D:\AWORK\04_Archives\SOFT\fpga\tangnano4k\urart_round\uart\src\uart.cst"
Physical Constraint parsed completed
Running placement......
[10%] Placement Phase 0 completed
[20%] Placement Phase 1 completed
[30%] Placement Phase 2 completed
WARN  (TA1132) :  'clk' was determined to be a clock but was not created.
[50%] Placement Phase 3 completed
Running routing......
[60%] Routing Phase 0 completed
[70%] Routing Phase 1 completed
[80%] Routing Phase 2 completed
WARN  (PR1014) : Generic routing resource will be used to clock signal 'clk_d' by the specified constraint. And then it may lead to the excessive delay or skew
[90%] Routing Phase 3 completed
Running timing analysis......
[95%] Timing analysis completed
Placement and routing completed
Bitstream generation in progress......
Bitstream generation completed
Running power analysis......
[100%] Power analysis completed
Generate file "D:\AWORK\04_Archives\SOFT\fpga\tangnano4k\urart_round\uart\impl\pnr\uart.power.html" completed
Generate file "D:\AWORK\04_Archives\SOFT\fpga\tangnano4k\urart_round\uart\impl\pnr\uart.pin.html" completed
Generate file "D:\AWORK\04_Archives\SOFT\fpga\tangnano4k\urart_round\uart\impl\pnr\uart.rpt.html" completed
Generate file "D:\AWORK\04_Archives\SOFT\fpga\tangnano4k\urart_round\uart\impl\pnr\uart.rpt.txt" completed
Generate file "D:\AWORK\04_Archives\SOFT\fpga\tangnano4k\urart_round\uart\impl\pnr\uart.tr.html" completed
Thu Mar  5 19:19:02 2026

